Arguments: 
  /usr/bin/node /mnt/c/Program Files (x86)/Yarn/bin/yarn.js add @tensorflow

PATH: 
  /home/jtassin/bin:/home/jtassin/.local/bin:/usr/local/sbin:/usr/local/bin:/usr/sbin:/usr/bin:/sbin:/bin:/usr/games:/usr/local/games:/mnt/c/Program Files/Docker/Docker/resources/bin:/mnt/c/Program Files (x86)/Microsoft SDKs/Azure/CLI2/wbin:/mnt/c/Python27:/mnt/c/Python27/Scripts:/mnt/c/ProgramData/Oracle/Java/javapath_target_693035734:/mnt/c/Windows/System32:/mnt/c/Windows:/mnt/c/Windows/System32/wbem:/mnt/c/Windows/System32/WindowsPowerShell/v1.0:/mnt/c/Program Files (x86)/NVIDIA Corporation/PhysX/Common:/mnt/c/Program Files/Git/cmd:/mnt/c/Windows/System32:/mnt/c/Windows:/mnt/c/Windows/System32/wbem:/mnt/c/Windows/System32/WindowsPowerShell/v1.0:/mnt/c/Program Files (x86)/Yarn/bin:/mnt/c/Program Files/nodejs:/mnt/c/Users/castors/AppData/Local/Microsoft/WindowsApps:/mnt/c/Users/castors/AppData/Local/atom/bin:/mnt/c/Program Files/Heroku/bin:/mnt/c/Users/castors/AppData/Local/Microsoft/WindowsApps:/mnt/c/Users/castors/AppData/Roaming/npm:/mnt/c/Program Files/Microsoft VS Code/bin:/snap/bin

Yarn version: 
  0.24.6

Node version: 
  8.11.0

Platform: 
  linux x64

npm manifest: 
  {
    "name": "tensor-trading",
    "version": "1.0.0",
    "main": "index.js",
    "repository": "https://github.com/jtassin/tensor-trading.git",
    "author": "Julien <julien@tassin.work>",
    "license": "MIT",
    "dependencies": {
      "csv-parse": "^2.1.0",
      "protocol-buffers": "^4.0.4",
      "tensorflow": "^0.7.0"
    }
  }

yarn manifest: 
  No manifest

Lockfile: 
  # THIS IS AN AUTOGENERATED FILE. DO NOT EDIT THIS FILE DIRECTLY.
  # yarn lockfile v1
  
  
  array-index@1:
    version "1.0.0"
    resolved "https://registry.yarnpkg.com/array-index/-/array-index-1.0.0.tgz#ec56a749ee103e4e08c790b9c353df16055b97f9"
    dependencies:
      debug "^2.2.0"
      es6-symbol "^3.0.2"
  
  bindings@1, bindings@~1.2.0:
    version "1.2.1"
    resolved "https://registry.yarnpkg.com/bindings/-/bindings-1.2.1.tgz#14ad6113812d2d37d72e67b4cacb4bb726505f11"
  
  buffer-alloc-unsafe@^0.1.0:
    version "0.1.1"
    resolved "https://registry.yarnpkg.com/buffer-alloc-unsafe/-/buffer-alloc-unsafe-0.1.1.tgz#ffe1f67551dd055737de253337bfe853dfab1a6a"
  
  buffer-alloc@^1.1.0:
    version "1.1.0"
    resolved "https://registry.yarnpkg.com/buffer-alloc/-/buffer-alloc-1.1.0.tgz#05514d33bf1656d3540c684f65b1202e90eca303"
    dependencies:
      buffer-alloc-unsafe "^0.1.0"
      buffer-fill "^0.1.0"
  
  buffer-fill@^0.1.0:
    version "0.1.1"
    resolved "https://registry.yarnpkg.com/buffer-fill/-/buffer-fill-0.1.1.tgz#76d825c4d6e50e06b7a31eb520c04d08cc235071"
  
  buffer-from@^1.0.0:
    version "1.0.0"
    resolved "https://registry.yarnpkg.com/buffer-from/-/buffer-from-1.0.0.tgz#4cb8832d23612589b0406e9e2956c17f06fdf531"
  
  core-util-is@~1.0.0:
    version "1.0.2"
    resolved "https://registry.yarnpkg.com/core-util-is/-/core-util-is-1.0.2.tgz#b5fd54220aa2bc5ab57aab7140c940754503c1a7"
  
  csv-parse@^2.1.0:
    version "2.1.0"
    resolved "https://registry.yarnpkg.com/csv-parse/-/csv-parse-2.1.0.tgz#75293aa334e7f8dd1ef956c5551adf0db6a79c81"
  
  csv-parser@^1.12.1:
    version "1.12.1"
    resolved "https://registry.yarnpkg.com/csv-parser/-/csv-parser-1.12.1.tgz#391e1ef961b1f9dcb4c7c0f82eb450a1bd916158"
    dependencies:
      buffer-alloc "^1.1.0"
      buffer-from "^1.0.0"
      generate-function "^1.0.1"
      generate-object-property "^1.0.0"
      inherits "^2.0.1"
      minimist "^1.2.0"
      ndjson "^1.4.0"
  
  d@1:
    version "1.0.0"
    resolved "https://registry.yarnpkg.com/d/-/d-1.0.0.tgz#754bb5bfe55451da69a58b94d45f4c5b0462d58f"
    dependencies:
      es5-ext "^0.10.9"
  
  debug@2, debug@^2.2.0:
    version "2.6.9"
    resolved "https://registry.yarnpkg.com/debug/-/debug-2.6.9.tgz#5d128515df134ff327e90a4c93f4e077a536341f"
    dependencies:
      ms "2.0.0"
  
  es5-ext@^0.10.35, es5-ext@^0.10.9, es5-ext@~0.10.14:
    version "0.10.42"
    resolved "https://registry.yarnpkg.com/es5-ext/-/es5-ext-0.10.42.tgz#8c07dd33af04d5dcd1310b5cef13bea63a89ba8d"
    dependencies:
      es6-iterator "~2.0.3"
      es6-symbol "~3.1.1"
      next-tick "1"
  
  es6-iterator@~2.0.3:
    version "2.0.3"
    resolved "https://registry.yarnpkg.com/es6-iterator/-/es6-iterator-2.0.3.tgz#a7de889141a05a94b0854403b2d0a0fbfa98f3b7"
    dependencies:
      d "1"
      es5-ext "^0.10.35"
      es6-symbol "^3.1.1"
  
  es6-symbol@^3.0.2, es6-symbol@^3.1.1, es6-symbol@~3.1.1:
    version "3.1.1"
    resolved "https://registry.yarnpkg.com/es6-symbol/-/es6-symbol-3.1.1.tgz#bf00ef4fdab6ba1b46ecb7b629b4c7ed5715cc77"
    dependencies:
      d "1"
      es5-ext "~0.10.14"
  
  ffi@^2.2.0:
    version "2.2.0"
    resolved "https://registry.yarnpkg.com/ffi/-/ffi-2.2.0.tgz#bf18b04666a29f71227ed56895d5430af47042fa"
    dependencies:
      bindings "~1.2.0"
      debug "2"
      nan "2"
      ref "1"
      ref-struct "1"
  
  generate-function@^1.0.1:
    version "1.1.0"
    resolved "https://registry.yarnpkg.com/generate-function/-/generate-function-1.1.0.tgz#54c21b080192b16d9877779c5bb81666e772365f"
  
  generate-object-property@^1.0.0:
    version "1.2.0"
    resolved "https://registry.yarnpkg.com/generate-object-property/-/generate-object-property-1.2.0.tgz#9c0e1c40308ce804f4783618b937fa88f99d50d0"
    dependencies:
      is-property "^1.0.0"
  
  ieee754@^1.1.6:
    version "1.1.11"
    resolved "https://registry.yarnpkg.com/ieee754/-/ieee754-1.1.11.tgz#c16384ffe00f5b7835824e67b6f2bd44a5229455"
  
  inherits@^2.0.1, inherits@~2.0.3:
    version "2.0.3"
    resolved "https://registry.yarnpkg.com/inherits/-/inherits-2.0.3.tgz#633c2c83e3da42a502f52466022480f4208261de"
  
  is-property@^1.0.0:
    version "1.0.2"
    resolved "https://registry.yarnpkg.com/is-property/-/is-property-1.0.2.tgz#57fe1c4e48474edd65b09911f26b1cd4095dda84"
  
  isarray@~1.0.0:
    version "1.0.0"
    resolved "https://registry.yarnpkg.com/isarray/-/isarray-1.0.0.tgz#bb935d48582cba168c06834957a54a3e07124f11"
  
  json-stringify-safe@^5.0.1:
    version "5.0.1"
    resolved "https://registry.yarnpkg.com/json-stringify-safe/-/json-stringify-safe-5.0.1.tgz#1296a2d58fd45f19a0f6ce01d65701e2c735b6eb"
  
  minimist@^1.2.0:
    version "1.2.0"
    resolved "https://registry.yarnpkg.com/minimist/-/minimist-1.2.0.tgz#a35008b20f41383eec1fb914f4cd5df79a264284"
  
  ms@2.0.0:
    version "2.0.0"
    resolved "https://registry.yarnpkg.com/ms/-/ms-2.0.0.tgz#5608aeadfc00be6c2901df5f9861788de0d597c8"
  
  nan@2:
    version "2.10.0"
    resolved "https://registry.yarnpkg.com/nan/-/nan-2.10.0.tgz#96d0cd610ebd58d4b4de9cc0c6828cda99c7548f"
  
  ndjson@^1.4.0:
    version "1.5.0"
    resolved "https://registry.yarnpkg.com/ndjson/-/ndjson-1.5.0.tgz#ae603b36b134bcec347b452422b0bf98d5832ec8"
    dependencies:
      json-stringify-safe "^5.0.1"
      minimist "^1.2.0"
      split2 "^2.1.0"
      through2 "^2.0.3"
  
  next-tick@1:
    version "1.0.0"
    resolved "https://registry.yarnpkg.com/next-tick/-/next-tick-1.0.0.tgz#ca86d1fe8828169b0120208e3dc8424b9db8342c"
  
  pbf@^3.1.0:
    version "3.1.0"
    resolved "https://registry.yarnpkg.com/pbf/-/pbf-3.1.0.tgz#f70004badcb281761eabb1e76c92f179f08189e9"
    dependencies:
      ieee754 "^1.1.6"
      resolve-protobuf-schema "^2.0.0"
  
  process-nextick-args@~2.0.0:
    version "2.0.0"
    resolved "https://registry.yarnpkg.com/process-nextick-args/-/process-nextick-args-2.0.0.tgz#a37d732f4271b4ab1ad070d35508e8290788ffaa"
  
  protocol-buffers-schema@^2.0.2:
    version "2.2.0"
    resolved "https://registry.yarnpkg.com/protocol-buffers-schema/-/protocol-buffers-schema-2.2.0.tgz#d29c6cd73fb655978fb6989691180db844119f61"
  
  readable-stream@^2.1.5:
    version "2.3.5"
    resolved "https://registry.yarnpkg.com/readable-stream/-/readable-stream-2.3.5.tgz#b4f85003a938cbb6ecbce2a124fb1012bd1a838d"
    dependencies:
      core-util-is "~1.0.0"
      inherits "~2.0.3"
      isarray "~1.0.0"
      process-nextick-args "~2.0.0"
      safe-buffer "~5.1.1"
      string_decoder "~1.0.3"
      util-deprecate "~1.0.1"
  
  ref-array@^1.2.0:
    version "1.2.0"
    resolved "https://registry.yarnpkg.com/ref-array/-/ref-array-1.2.0.tgz#bba870152d4ee0abed1421b062392f0b0184290c"
    dependencies:
      array-index "1"
      debug "2"
      ref "1"
  
  ref-struct@1, ref-struct@^1.1.0:
    version "1.1.0"
    resolved "https://registry.yarnpkg.com/ref-struct/-/ref-struct-1.1.0.tgz#5d5ee65ad41cefc3a5c5feb40587261e479edc13"
    dependencies:
      debug "2"
      ref "1"
  
  ref@1, ref@^1.3.5:
    version "1.3.5"
    resolved "https://registry.yarnpkg.com/ref/-/ref-1.3.5.tgz#0e33f080cdb94a3d95312b2b3b1fd0f82044ca0f"
    dependencies:
      bindings "1"
      debug "2"
      nan "2"
  
  resolve-protobuf-schema@^2.0.0:
    version "2.0.0"
    resolved "https://registry.yarnpkg.com/resolve-protobuf-schema/-/resolve-protobuf-schema-2.0.0.tgz#e67b062a67f02d11bd6886e70efda788407e0fb4"
    dependencies:
      protocol-buffers-schema "^2.0.2"
  
  safe-buffer@~5.1.0, safe-buffer@~5.1.1:
    version "5.1.1"
    resolved "https://registry.yarnpkg.com/safe-buffer/-/safe-buffer-5.1.1.tgz#893312af69b2123def71f57889001671eeb2c853"
  
  split2@^2.1.0:
    version "2.2.0"
    resolved "https://registry.yarnpkg.com/split2/-/split2-2.2.0.tgz#186b2575bcf83e85b7d18465756238ee4ee42493"
    dependencies:
      through2 "^2.0.2"
  
  string_decoder@~1.0.3:
    version "1.0.3"
    resolved "https://registry.yarnpkg.com/string_decoder/-/string_decoder-1.0.3.tgz#0fc67d7c141825de94282dd536bec6b9bce860ab"
    dependencies:
      safe-buffer "~5.1.0"
  
  tensorflow@^0.7.0:
    version "0.7.0"
    resolved "https://registry.yarnpkg.com/tensorflow/-/tensorflow-0.7.0.tgz#b8a02a32ff2263846fe91ae8b4070fa801b15677"
    dependencies:
      ffi "^2.2.0"
      pbf "^3.1.0"
      ref "^1.3.5"
      ref-array "^1.2.0"
      ref-struct "^1.1.0"
  
  through2@^2.0.2, through2@^2.0.3:
    version "2.0.3"
    resolved "https://registry.yarnpkg.com/through2/-/through2-2.0.3.tgz#0004569b37c7c74ba39c43f3ced78d1ad94140be"
    dependencies:
      readable-stream "^2.1.5"
      xtend "~4.0.1"
  
  util-deprecate@~1.0.1:
    version "1.0.2"
    resolved "https://registry.yarnpkg.com/util-deprecate/-/util-deprecate-1.0.2.tgz#450d4dc9fa70de732762fbd2d4a28981419a0ccf"
  
  xtend@~4.0.1:
    version "4.0.1"
    resolved "https://registry.yarnpkg.com/xtend/-/xtend-4.0.1.tgz#a5c6d532be656e23db820efb943a1f04998d63af"

Trace: 
  Error: https://registry.yarnpkg.com/@tensorflow: Not found
      at Request.params.callback [as _callback] (/mnt/c/Program Files (x86)/Yarn/lib/yarn-cli.js:56255:18)
      at Request.self.callback (/mnt/c/Program Files (x86)/Yarn/lib/yarn-cli.js:107854:22)
      at emitTwo (events.js:126:13)
      at Request.emit (events.js:214:7)
      at Request.<anonymous> (/mnt/c/Program Files (x86)/Yarn/lib/yarn-cli.js:108837:10)
      at emitOne (events.js:116:13)
      at Request.emit (events.js:211:7)
      at IncomingMessage.<anonymous> (/mnt/c/Program Files (x86)/Yarn/lib/yarn-cli.js:108757:12)
      at Object.onceWrapper (events.js:313:30)
      at emitNone (events.js:111:20)
